<?xml version="1.0" encoding="UTF-8"?>
<!-- Generated by org.testng.reporters.JUnitXMLReporter -->
<testsuite ignored="11" hostname="DESKTOP-EQ8K80S" failures="0" tests="1" name="Tests" time="5.962" errors="0" timestamp="2020-01-20T21:43:13 EET">
  <testcase classname="tests.LoginTest" name="Should_Not_Find_Cookies" time="1.574"/>
  <testcase classname="tests.AddIssue" name="Should_Not_Create_Issue_Wit_Reason_Invalid" time="0.0">
    <ignored/>
  </testcase> <!-- Should_Not_Create_Issue_Wit_Reason_Invalid -->
  <testcase classname="tests.LoginTest" name="Should_Not_Be_Able_To_Login_When_Providing_Invalid_UserName" time="0.0">
    <ignored/>
  </testcase> <!-- Should_Not_Be_Able_To_Login_When_Providing_Invalid_UserName -->
  <testcase classname="tests.LoginTest" name="Should_Be_Able_To_Login" time="0.0">
    <ignored/>
  </testcase> <!-- Should_Be_Able_To_Login -->
  <testcase classname="tests.AddIssue" name="Should_Not_Create_Issue_Wit_Severity_Too_Big" time="0.0">
    <ignored/>
  </testcase> <!-- Should_Not_Create_Issue_Wit_Severity_Too_Big -->
  <testcase classname="tests.AddIssue" name="Should_Create_Issue_Wit_Reason_Fixed" time="0.0">
    <ignored/>
  </testcase> <!-- Should_Create_Issue_Wit_Reason_Fixed -->
  <testcase classname="tests.AddIssue" name="Should_Create_Issue_Wit_Assigned_Valid" time="0.0">
    <ignored/>
  </testcase> <!-- Should_Create_Issue_Wit_Assigned_Valid -->
  <testcase classname="tests.LoginTest" name="Should_Not_Be_Able_To_Login_When_Providing_Invalid_Password" time="0.0">
    <ignored/>
  </testcase> <!-- Should_Not_Be_Able_To_Login_When_Providing_Invalid_Password -->
  <testcase classname="tests.AddIssue" name="Should_Not_Create_Issue_Wit_Assigned_Invalid" time="0.0">
    <ignored/>
  </testcase> <!-- Should_Not_Create_Issue_Wit_Assigned_Invalid -->
  <testcase classname="tests.AddIssue" name="Should_Not_Create_Issue_Without_Name" time="0.0">
    <ignored/>
  </testcase> <!-- Should_Not_Create_Issue_Without_Name -->
  <testcase classname="tests.AddIssue" name="Should_Create_Issue_Ok" time="0.0">
    <ignored/>
  </testcase> <!-- Should_Create_Issue_Ok -->
  <testcase classname="tests.AddIssue" name="Should_Not_Create_Issue_Severity_Too_Big" time="0.0">
    <ignored/>
  </testcase> <!-- Should_Not_Create_Issue_Severity_Too_Big -->
</testsuite> <!-- Tests -->
